<?xml version="1.0" encoding="UTF-8"?>
<testng-results ignored="0" total="1" passed="1" failed="0" skipped="0">
  <reporter-output>
  </reporter-output>
  <suite started-at="2022-06-26T14:28:59 ART" name="Default suite" finished-at="2022-06-26T14:29:01 ART" duration-ms="1827">
    <groups>
    </groups>
    <test started-at="2022-06-26T14:28:59 ART" name="Default test" finished-at="2022-06-26T14:29:01 ART" duration-ms="1827">
      <class name="Pruebas.PracticeTest">
        <test-method is-config="true" signature="abrirPagina()[pri:0, instance:Pruebas.PracticeTest@4efbca5a]" started-at="2022-06-26T14:28:52 ART" name="abrirPagina" finished-at="2022-06-26T14:28:59 ART" duration-ms="7276" status="PASS">
          <reporter-output>
          </reporter-output>
        </test-method> <!-- abrirPagina -->
        <test-method signature="buscarPalabra()[pri:0, instance:Pruebas.PracticeTest@4efbca5a]" started-at="2022-06-26T14:28:59 ART" name="buscarPalabra" finished-at="2022-06-26T14:29:01 ART" duration-ms="1806" status="PASS">
          <reporter-output>
          </reporter-output>
        </test-method> <!-- buscarPalabra -->
      </class> <!-- Pruebas.PracticeTest -->
    </test> <!-- Default test -->
  </suite> <!-- Default suite -->
</testng-results>
